{"/Users/benjamin/Repositories/raycast-english-tutor-plugin/src/writing-and-translate.tsx": {"path":"/Users/benjamin/Repositories/raycast-english-tutor-plugin/src/writing-and-translate.tsx","statementMap":{"0":{"start":{"line":44,"column":0},"end":{"line":44,"column":24}},"1":{"start":{"line":1,"column":0},"end":{"line":1,"column":90}},"2":{"start":{"line":2,"column":0},"end":{"line":2,"column":33}},"3":{"start":{"line":3,"column":0},"end":{"line":3,"column":77}},"4":{"start":{"line":10,"column":19},"end":{"line":10,"column":34}},"5":{"start":{"line":11,"column":34},"end":{"line":11,"column":45}},"6":{"start":{"line":14,"column":4},"end":{"line":14,"column":30}},"7":{"start":{"line":14,"column":23},"end":{"line":14,"column":28}},"8":{"start":{"line":18,"column":4},"end":{"line":21,"column":5}},"9":{"start":{"line":19,"column":6},"end":{"line":19,"column":96}},"10":{"start":{"line":20,"column":6},"end":{"line":20,"column":13}},"11":{"start":{"line":23,"column":4},"end":{"line":23,"column":84}},"12":{"start":{"line":26,"column":2},"end":{"line":41,"column":4}},"13":{"start":{"line":45,"column":2},"end":{"line":45,"column":34}}},"fnMap":{"0":{"name":"WritingTranslateForm","decl":{"start":{"line":9,"column":9},"end":{"line":9,"column":29}},"loc":{"start":{"line":9,"column":29},"end":{"line":42,"column":1}}},"1":{"name":"handleNew","decl":{"start":{"line":13,"column":11},"end":{"line":13,"column":20}},"loc":{"start":{"line":13,"column":20},"end":{"line":15,"column":3}}},"2":{"name":"(anonymous_2)","decl":{"start":{"line":14,"column":16},"end":{"line":14,"column":17}},"loc":{"start":{"line":14,"column":23},"end":{"line":14,"column":28}}},"3":{"name":"handleSubmit","decl":{"start":{"line":17,"column":17},"end":{"line":17,"column":29}},"loc":{"start":{"line":17,"column":64},"end":{"line":24,"column":3}}},"4":{"name":"Command","decl":{"start":{"line":44,"column":24},"end":{"line":44,"column":31}},"loc":{"start":{"line":44,"column":31},"end":{"line":46,"column":1}}}},"branchMap":{"0":{"loc":{"start":{"line":18,"column":4},"end":{"line":21,"column":5}},"type":"if","locations":[{"start":{"line":18,"column":4},"end":{"line":21,"column":5}},{"start":{},"end":{}}]}},"s":{"0":1,"1":1,"2":1,"3":1,"4":4,"5":4,"6":0,"7":0,"8":3,"9":2,"10":2,"11":1,"12":4,"13":4},"f":{"0":4,"1":0,"2":0,"3":3,"4":4},"b":{"0":[2,1]}}
,"/Users/benjamin/Repositories/raycast-english-tutor-plugin/src/components/WritingTranslateDetail.tsx": {"path":"/Users/benjamin/Repositories/raycast-english-tutor-plugin/src/components/WritingTranslateDetail.tsx","statementMap":{"0":{"start":{"line":10,"column":0},"end":{"line":10,"column":16}},"1":{"start":{"line":1,"column":0},"end":{"line":1,"column":68}},"2":{"start":{"line":2,"column":0},"end":{"line":2,"column":67}},"3":{"start":{"line":3,"column":0},"end":{"line":3,"column":65}},"4":{"start":{"line":11,"column":46},"end":{"line":11,"column":76}},"5":{"start":{"line":13,"column":2},"end":{"line":15,"column":3}},"6":{"start":{"line":14,"column":4},"end":{"line":14,"column":51}},"7":{"start":{"line":17,"column":2},"end":{"line":29,"column":3}},"8":{"start":{"line":18,"column":4},"end":{"line":28,"column":6}},"9":{"start":{"line":31,"column":2},"end":{"line":50,"column":4}},"10":{"start":{"line":39,"column":26},"end":{"line":39,"column":61}},"11":{"start":{"line":44,"column":26},"end":{"line":44,"column":56}}},"fnMap":{"0":{"name":"WritingTranslateDetail","decl":{"start":{"line":10,"column":16},"end":{"line":10,"column":38}},"loc":{"start":{"line":10,"column":88},"end":{"line":51,"column":1}}},"1":{"name":"(anonymous_1)","decl":{"start":{"line":39,"column":20},"end":{"line":39,"column":23}},"loc":{"start":{"line":39,"column":26},"end":{"line":39,"column":61}}},"2":{"name":"(anonymous_2)","decl":{"start":{"line":44,"column":20},"end":{"line":44,"column":23}},"loc":{"start":{"line":44,"column":26},"end":{"line":44,"column":56}}}},"branchMap":{"0":{"loc":{"start":{"line":13,"column":2},"end":{"line":15,"column":3}},"type":"if","locations":[{"start":{"line":13,"column":2},"end":{"line":15,"column":3}},{"start":{},"end":{}}]},"1":{"loc":{"start":{"line":17,"column":2},"end":{"line":29,"column":3}},"type":"if","locations":[{"start":{"line":17,"column":2},"end":{"line":29,"column":3}},{"start":{},"end":{}}]}},"s":{"0":1,"1":1,"2":1,"3":1,"4":4,"5":4,"6":2,"7":2,"8":1,"9":1,"10":0,"11":0},"f":{"0":4,"1":0,"2":0},"b":{"0":[2,2],"1":[1,1]}}
,"/Users/benjamin/Repositories/raycast-english-tutor-plugin/src/hooks/useAsyncResource.ts": {"path":"/Users/benjamin/Repositories/raycast-english-tutor-plugin/src/hooks/useAsyncResource.ts","statementMap":{"0":{"start":{"line":17,"column":0},"end":{"line":17,"column":16}},"1":{"start":{"line":1,"column":0},"end":{"line":1,"column":44}},"2":{"start":{"line":2,"column":0},"end":{"line":2,"column":48}},"3":{"start":{"line":3,"column":0},"end":{"line":3,"column":70}},"4":{"start":{"line":22,"column":32},"end":{"line":22,"column":46}},"5":{"start":{"line":23,"column":26},"end":{"line":23,"column":60}},"6":{"start":{"line":24,"column":28},"end":{"line":24,"column":67}},"7":{"start":{"line":25,"column":38},"end":{"line":25,"column":49}},"8":{"start":{"line":27,"column":2},"end":{"line":62,"column":28}},"9":{"start":{"line":28,"column":20},"end":{"line":28,"column":25}},"10":{"start":{"line":29,"column":4},"end":{"line":29,"column":21}},"11":{"start":{"line":30,"column":4},"end":{"line":30,"column":24}},"12":{"start":{"line":31,"column":4},"end":{"line":31,"column":23}},"13":{"start":{"line":33,"column":4},"end":{"line":57,"column":9}},"14":{"start":{"line":35,"column":8},"end":{"line":38,"column":9}},"15":{"start":{"line":36,"column":10},"end":{"line":36,"column":26}},"16":{"start":{"line":37,"column":10},"end":{"line":37,"column":28}},"17":{"start":{"line":41,"column":8},"end":{"line":43,"column":9}},"18":{"start":{"line":42,"column":10},"end":{"line":42,"column":17}},"19":{"start":{"line":45,"column":24},"end":{"line":49,"column":43}},"20":{"start":{"line":51,"column":8},"end":{"line":53,"column":9}},"21":{"start":{"line":52,"column":10},"end":{"line":52,"column":68}},"22":{"start":{"line":55,"column":8},"end":{"line":55,"column":26}},"23":{"start":{"line":56,"column":8},"end":{"line":56,"column":26}},"24":{"start":{"line":59,"column":4},"end":{"line":61,"column":6}},"25":{"start":{"line":60,"column":6},"end":{"line":60,"column":23}},"26":{"start":{"line":64,"column":2},"end":{"line":69,"column":4}},"27":{"start":{"line":68,"column":17},"end":{"line":68,"column":52}},"28":{"start":{"line":68,"column":42},"end":{"line":68,"column":51}}},"fnMap":{"0":{"name":"useAsyncResource","decl":{"start":{"line":17,"column":16},"end":{"line":17,"column":32}},"loc":{"start":{"line":20,"column":39},"end":{"line":70,"column":1}}},"1":{"name":"(anonymous_1)","decl":{"start":{"line":27,"column":12},"end":{"line":27,"column":15}},"loc":{"start":{"line":27,"column":17},"end":{"line":62,"column":3}}},"2":{"name":"(anonymous_2)","decl":{"start":{"line":34,"column":12},"end":{"line":34,"column":13}},"loc":{"start":{"line":34,"column":23},"end":{"line":39,"column":7}}},"3":{"name":"(anonymous_3)","decl":{"start":{"line":40,"column":13},"end":{"line":40,"column":14}},"loc":{"start":{"line":40,"column":30},"end":{"line":57,"column":7}}},"4":{"name":"(anonymous_4)","decl":{"start":{"line":59,"column":11},"end":{"line":59,"column":14}},"loc":{"start":{"line":59,"column":16},"end":{"line":61,"column":5}}},"5":{"name":"(anonymous_5)","decl":{"start":{"line":68,"column":11},"end":{"line":68,"column":14}},"loc":{"start":{"line":68,"column":17},"end":{"line":68,"column":52}}},"6":{"name":"(anonymous_6)","decl":{"start":{"line":68,"column":31},"end":{"line":68,"column":32}},"loc":{"start":{"line":68,"column":42},"end":{"line":68,"column":51}}}},"branchMap":{"0":{"loc":{"start":{"line":19,"column":2},"end":{"line":19,"column":22}},"type":"default-arg","locations":[{"start":{"line":19,"column":20},"end":{"line":19,"column":22}}]},"1":{"loc":{"start":{"line":20,"column":2},"end":{"line":20,"column":39}},"type":"default-arg","locations":[{"start":{"line":20,"column":37},"end":{"line":20,"column":39}}]},"2":{"loc":{"start":{"line":35,"column":8},"end":{"line":38,"column":9}},"type":"if","locations":[{"start":{"line":35,"column":8},"end":{"line":38,"column":9}},{"start":{},"end":{}}]},"3":{"loc":{"start":{"line":41,"column":8},"end":{"line":43,"column":9}},"type":"if","locations":[{"start":{"line":41,"column":8},"end":{"line":43,"column":9}},{"start":{},"end":{}}]},"4":{"loc":{"start":{"line":45,"column":24},"end":{"line":49,"column":43}},"type":"cond-expr","locations":[{"start":{"line":46,"column":12},"end":{"line":46,"column":33}},{"start":{"line":47,"column":12},"end":{"line":49,"column":43}}]},"5":{"loc":{"start":{"line":47,"column":12},"end":{"line":49,"column":43}},"type":"cond-expr","locations":[{"start":{"line":48,"column":14},"end":{"line":48,"column":25}},{"start":{"line":49,"column":14},"end":{"line":49,"column":43}}]},"6":{"loc":{"start":{"line":51,"column":8},"end":{"line":53,"column":9}},"type":"if","locations":[{"start":{"line":51,"column":8},"end":{"line":53,"column":9}},{"start":{},"end":{}}]}},"s":{"0":5,"1":5,"2":5,"3":5,"4":67,"5":67,"6":67,"7":67,"8":67,"9":33,"10":33,"11":33,"12":33,"13":33,"14":14,"15":14,"16":14,"17":15,"18":0,"19":15,"20":15,"21":14,"22":15,"23":15,"24":33,"25":33,"26":67,"27":4,"28":4},"f":{"0":67,"1":33,"2":14,"3":15,"4":33,"5":4,"6":4},"b":{"0":[12],"1":[17],"2":[14,0],"3":[0,15],"4":[12,3],"5":[2,1],"6":[14,1]}}
,"/Users/benjamin/Repositories/raycast-english-tutor-plugin/src/hooks/useGuidedTranslation.ts": {"path":"/Users/benjamin/Repositories/raycast-english-tutor-plugin/src/hooks/useGuidedTranslation.ts","statementMap":{"0":{"start":{"line":14,"column":0},"end":{"line":14,"column":16}},"1":{"start":{"line":1,"column":0},"end":{"line":1,"column":59}},"2":{"start":{"line":2,"column":0},"end":{"line":2,"column":60}},"3":{"start":{"line":3,"column":0},"end":{"line":3,"column":63}},"4":{"start":{"line":5,"column":0},"end":{"line":5,"column":54}},"5":{"start":{"line":19,"column":38},"end":{"line":19,"column":76}},"6":{"start":{"line":21,"column":42},"end":{"line":24,"column":null}},"7":{"start":{"line":22,"column":10},"end":{"line":22,"column":61}},"8":{"start":{"line":27,"column":2},"end":{"line":32,"column":4}}},"fnMap":{"0":{"name":"useGuidedTranslation","decl":{"start":{"line":14,"column":16},"end":{"line":14,"column":36}},"loc":{"start":{"line":17,"column":27},"end":{"line":33,"column":1}}},"1":{"name":"(anonymous_1)","decl":{"start":{"line":22,"column":4},"end":{"line":22,"column":7}},"loc":{"start":{"line":22,"column":10},"end":{"line":22,"column":61}}}},"branchMap":{},"s":{"0":1,"1":1,"2":1,"3":1,"4":1,"5":14,"6":14,"7":7,"8":14},"f":{"0":14,"1":7},"b":{}}
,"/Users/benjamin/Repositories/raycast-english-tutor-plugin/src/hooks/useTutor.ts": {"path":"/Users/benjamin/Repositories/raycast-english-tutor-plugin/src/hooks/useTutor.ts","statementMap":{"0":{"start":{"line":13,"column":0},"end":{"line":13,"column":16}},"1":{"start":{"line":1,"column":0},"end":{"line":1,"column":59}},"2":{"start":{"line":2,"column":0},"end":{"line":2,"column":60}},"3":{"start":{"line":3,"column":0},"end":{"line":3,"column":68}},"4":{"start":{"line":4,"column":0},"end":{"line":4,"column":54}},"5":{"start":{"line":14,"column":42},"end":{"line":17,"column":null}},"6":{"start":{"line":15,"column":10},"end":{"line":15,"column":69}},"7":{"start":{"line":20,"column":2},"end":{"line":25,"column":4}}},"fnMap":{"0":{"name":"useTutor","decl":{"start":{"line":13,"column":16},"end":{"line":13,"column":24}},"loc":{"start":{"line":13,"column":64},"end":{"line":26,"column":1}}},"1":{"name":"(anonymous_1)","decl":{"start":{"line":15,"column":4},"end":{"line":15,"column":7}},"loc":{"start":{"line":15,"column":10},"end":{"line":15,"column":69}}}},"branchMap":{},"s":{"0":1,"1":1,"2":1,"3":1,"4":1,"5":14,"6":7,"7":14},"f":{"0":14,"1":7},"b":{}}
,"/Users/benjamin/Repositories/raycast-english-tutor-plugin/src/hooks/useWritingTranslate.ts": {"path":"/Users/benjamin/Repositories/raycast-english-tutor-plugin/src/hooks/useWritingTranslate.ts","statementMap":{"0":{"start":{"line":14,"column":0},"end":{"line":14,"column":16}},"1":{"start":{"line":1,"column":0},"end":{"line":1,"column":59}},"2":{"start":{"line":2,"column":0},"end":{"line":2,"column":60}},"3":{"start":{"line":3,"column":0},"end":{"line":3,"column":72}},"4":{"start":{"line":5,"column":0},"end":{"line":5,"column":54}},"5":{"start":{"line":15,"column":42},"end":{"line":18,"column":null}},"6":{"start":{"line":16,"column":10},"end":{"line":16,"column":62}},"7":{"start":{"line":21,"column":2},"end":{"line":26,"column":4}}},"fnMap":{"0":{"name":"useWritingTranslate","decl":{"start":{"line":14,"column":16},"end":{"line":14,"column":35}},"loc":{"start":{"line":14,"column":53},"end":{"line":27,"column":1}}},"1":{"name":"(anonymous_1)","decl":{"start":{"line":16,"column":4},"end":{"line":16,"column":7}},"loc":{"start":{"line":16,"column":10},"end":{"line":16,"column":62}}}},"branchMap":{},"s":{"0":2,"1":2,"2":2,"3":2,"4":2,"5":16,"6":8,"7":16},"f":{"0":16,"1":8},"b":{}}
,"/Users/benjamin/Repositories/raycast-english-tutor-plugin/src/libs/audio.ts": {"path":"/Users/benjamin/Repositories/raycast-english-tutor-plugin/src/libs/audio.ts","statementMap":{"0":{"start":{"line":3,"column":0},"end":{"line":3,"column":16}},"1":{"start":{"line":1,"column":0},"end":{"line":1,"column":52}},"2":{"start":{"line":4,"column":2},"end":{"line":16,"column":5}},"3":{"start":{"line":5,"column":17},"end":{"line":5,"column":58}},"4":{"start":{"line":6,"column":4},"end":{"line":12,"column":7}},"5":{"start":{"line":7,"column":6},"end":{"line":11,"column":7}},"6":{"start":{"line":8,"column":8},"end":{"line":8,"column":18}},"7":{"start":{"line":10,"column":8},"end":{"line":10,"column":61}},"8":{"start":{"line":13,"column":4},"end":{"line":15,"column":7}},"9":{"start":{"line":14,"column":6},"end":{"line":14,"column":18}}},"fnMap":{"0":{"name":"playAudio","decl":{"start":{"line":3,"column":16},"end":{"line":3,"column":25}},"loc":{"start":{"line":3,"column":42},"end":{"line":17,"column":1}}},"1":{"name":"(anonymous_10)","decl":{"start":{"line":4,"column":21},"end":{"line":4,"column":22}},"loc":{"start":{"line":4,"column":41},"end":{"line":16,"column":3}}},"2":{"name":"(anonymous_11)","decl":{"start":{"line":6,"column":21},"end":{"line":6,"column":22}},"loc":{"start":{"line":6,"column":30},"end":{"line":12,"column":5}}},"3":{"name":"(anonymous_12)","decl":{"start":{"line":13,"column":21},"end":{"line":13,"column":22}},"loc":{"start":{"line":13,"column":29},"end":{"line":15,"column":5}}}},"branchMap":{"0":{"loc":{"start":{"line":7,"column":6},"end":{"line":11,"column":7}},"type":"if","locations":[{"start":{"line":7,"column":6},"end":{"line":11,"column":7}},{"start":{"line":9,"column":13},"end":{"line":11,"column":7}}]}},"s":{"0":1,"1":1,"2":3,"3":3,"4":3,"5":2,"6":1,"7":1,"8":3,"9":1},"f":{"0":3,"1":3,"2":2,"3":1},"b":{"0":[1,1]}}
,"/Users/benjamin/Repositories/raycast-english-tutor-plugin/src/libs/guided-translation-service.ts": {"path":"/Users/benjamin/Repositories/raycast-english-tutor-plugin/src/libs/guided-translation-service.ts","statementMap":{"0":{"start":{"line":50,"column":0},"end":{"line":50,"column":7}},"1":{"start":{"line":4,"column":26},"end":{"line":4,"column":40}},"2":{"start":{"line":5,"column":32},"end":{"line":5,"column":33}},"3":{"start":{"line":7,"column":20},"end":{"line":11,"column":53}},"4":{"start":{"line":13,"column":31},"end":{"line":13,"column":219}},"5":{"start":{"line":15,"column":32},"end":{"line":15,"column":276}},"6":{"start":{"line":17,"column":13},"end":{"line":36,"column":11}},"7":{"start":{"line":39,"column":29},"end":{"line":39,"column":42}},"8":{"start":{"line":41,"column":2},"end":{"line":43,"column":3}},"9":{"start":{"line":42,"column":4},"end":{"line":42,"column":42}},"10":{"start":{"line":44,"column":2},"end":{"line":46,"column":3}},"11":{"start":{"line":45,"column":4},"end":{"line":45,"column":43}},"12":{"start":{"line":47,"column":2},"end":{"line":47,"column":31}},"13":{"start":{"line":55,"column":21},"end":{"line":70,"column":4}},"14":{"start":{"line":72,"column":17},"end":{"line":72,"column":86}},"15":{"start":{"line":73,"column":2},"end":{"line":75,"column":3}},"16":{"start":{"line":74,"column":4},"end":{"line":74,"column":53}},"17":{"start":{"line":77,"column":2},"end":{"line":77,"column":16}}},"fnMap":{"0":{"name":"buildSystemPrompt","decl":{"start":{"line":38,"column":9},"end":{"line":38,"column":26}},"loc":{"start":{"line":38,"column":54},"end":{"line":48,"column":1}}},"1":{"name":"translate","decl":{"start":{"line":50,"column":22},"end":{"line":50,"column":31}},"loc":{"start":{"line":53,"column":29},"end":{"line":78,"column":1}}}},"branchMap":{"0":{"loc":{"start":{"line":41,"column":2},"end":{"line":43,"column":3}},"type":"if","locations":[{"start":{"line":41,"column":2},"end":{"line":43,"column":3}},{"start":{},"end":{}}]},"1":{"loc":{"start":{"line":44,"column":2},"end":{"line":46,"column":3}},"type":"if","locations":[{"start":{"line":44,"column":2},"end":{"line":46,"column":3}},{"start":{},"end":{}}]},"2":{"loc":{"start":{"line":73,"column":2},"end":{"line":75,"column":3}},"type":"if","locations":[{"start":{"line":73,"column":2},"end":{"line":75,"column":3}},{"start":{},"end":{}}]}},"s":{"0":2,"1":2,"2":2,"3":2,"4":2,"5":2,"6":2,"7":7,"8":7,"9":5,"10":7,"11":5,"12":7,"13":7,"14":7,"15":7,"16":1,"17":6},"f":{"0":7,"1":7},"b":{"0":[5,2],"1":[5,2],"2":[1,6]}}
,"/Users/benjamin/Repositories/raycast-english-tutor-plugin/src/libs/markdown.ts": {"path":"/Users/benjamin/Repositories/raycast-english-tutor-plugin/src/libs/markdown.ts","statementMap":{"0":{"start":{"line":18,"column":0},"end":{"line":18,"column":16}},"1":{"start":{"line":26,"column":0},"end":{"line":26,"column":16}},"2":{"start":{"line":40,"column":0},"end":{"line":40,"column":16}},"3":{"start":{"line":6,"column":19},"end":{"line":6,"column":45}},"4":{"start":{"line":7,"column":20},"end":{"line":7,"column":47}},"5":{"start":{"line":8,"column":22},"end":{"line":8,"column":74}},"6":{"start":{"line":9,"column":2},"end":{"line":9,"column":79}},"7":{"start":{"line":13,"column":2},"end":{"line":15,"column":31}},"8":{"start":{"line":14,"column":36},"end":{"line":14,"column":62}},"9":{"start":{"line":19,"column":2},"end":{"line":23,"column":17}},"10":{"start":{"line":27,"column":29},"end":{"line":27,"column":71}},"11":{"start":{"line":29,"column":2},"end":{"line":31,"column":3}},"12":{"start":{"line":30,"column":4},"end":{"line":30,"column":69}},"13":{"start":{"line":32,"column":2},"end":{"line":34,"column":3}},"14":{"start":{"line":33,"column":4},"end":{"line":33,"column":59}},"15":{"start":{"line":36,"column":2},"end":{"line":36,"column":56}},"16":{"start":{"line":37,"column":2},"end":{"line":37,"column":31}},"17":{"start":{"line":42,"column":4},"end":{"line":46,"column":32}},"18":{"start":{"line":44,"column":25},"end":{"line":44,"column":96}},"19":{"start":{"line":48,"column":2},"end":{"line":53,"column":17}}},"fnMap":{"0":{"name":"formatCorrection","decl":{"start":{"line":5,"column":9},"end":{"line":5,"column":25}},"loc":{"start":{"line":5,"column":70},"end":{"line":10,"column":1}}},"1":{"name":"formatCorrections","decl":{"start":{"line":12,"column":9},"end":{"line":12,"column":26}},"loc":{"start":{"line":12,"column":59},"end":{"line":16,"column":1}}},"2":{"name":"(anonymous_2)","decl":{"start":{"line":14,"column":22},"end":{"line":14,"column":23}},"loc":{"start":{"line":14,"column":36},"end":{"line":14,"column":62}}},"3":{"name":"buildTutorMarkdown","decl":{"start":{"line":18,"column":16},"end":{"line":18,"column":34}},"loc":{"start":{"line":18,"column":80},"end":{"line":24,"column":1}}},"4":{"name":"buildGuidedTranslationMarkdown","decl":{"start":{"line":26,"column":16},"end":{"line":26,"column":46}},"loc":{"start":{"line":26,"column":98},"end":{"line":38,"column":1}}},"5":{"name":"buildWritingTranslateMarkdown","decl":{"start":{"line":40,"column":16},"end":{"line":40,"column":45}},"loc":{"start":{"line":40,"column":80},"end":{"line":54,"column":1}}},"6":{"name":"(anonymous_6)","decl":{"start":{"line":44,"column":15},"end":{"line":44,"column":16}},"loc":{"start":{"line":44,"column":25},"end":{"line":44,"column":96}}}},"branchMap":{"0":{"loc":{"start":{"line":6,"column":19},"end":{"line":6,"column":45}},"type":"binary-expr","locations":[{"start":{"line":6,"column":19},"end":{"line":6,"column":38}},{"start":{"line":6,"column":42},"end":{"line":6,"column":45}}]},"1":{"loc":{"start":{"line":7,"column":20},"end":{"line":7,"column":47}},"type":"binary-expr","locations":[{"start":{"line":7,"column":20},"end":{"line":7,"column":40}},{"start":{"line":7,"column":44},"end":{"line":7,"column":47}}]},"2":{"loc":{"start":{"line":8,"column":22},"end":{"line":8,"column":74}},"type":"binary-expr","locations":[{"start":{"line":8,"column":22},"end":{"line":8,"column":44}},{"start":{"line":8,"column":48},"end":{"line":8,"column":74}}]},"3":{"loc":{"start":{"line":13,"column":9},"end":{"line":15,"column":30}},"type":"cond-expr","locations":[{"start":{"line":14,"column":6},"end":{"line":14,"column":74}},{"start":{"line":15,"column":6},"end":{"line":15,"column":30}}]},"4":{"loc":{"start":{"line":29,"column":2},"end":{"line":31,"column":3}},"type":"if","locations":[{"start":{"line":29,"column":2},"end":{"line":31,"column":3}},{"start":{},"end":{}}]},"5":{"loc":{"start":{"line":32,"column":2},"end":{"line":34,"column":3}},"type":"if","locations":[{"start":{"line":32,"column":2},"end":{"line":34,"column":3}},{"start":{},"end":{}}]},"6":{"loc":{"start":{"line":42,"column":4},"end":{"line":46,"column":32}},"type":"cond-expr","locations":[{"start":{"line":43,"column":8},"end":{"line":45,"column":21}},{"start":{"line":46,"column":8},"end":{"line":46,"column":32}}]}},"s":{"0":1,"1":1,"2":1,"3":8,"4":8,"5":8,"6":8,"7":5,"8":8,"9":5,"10":5,"11":5,"12":4,"13":5,"14":4,"15":5,"16":5,"17":0,"18":0,"19":0},"f":{"0":8,"1":5,"2":8,"3":5,"4":5,"5":0,"6":0},"b":{"0":[8,0],"1":[8,0],"2":[8,0],"3":[4,1],"4":[4,1],"5":[4,1],"6":[0,0]}}
,"/Users/benjamin/Repositories/raycast-english-tutor-plugin/src/libs/openai-client.ts": {"path":"/Users/benjamin/Repositories/raycast-english-tutor-plugin/src/libs/openai-client.ts","statementMap":{"0":{"start":{"line":8,"column":0},"end":{"line":8,"column":16}},"1":{"start":{"line":1,"column":0},"end":{"line":1,"column":28}},"2":{"start":{"line":2,"column":0},"end":{"line":2,"column":51}},"3":{"start":{"line":9,"column":27},"end":{"line":9,"column":61}},"4":{"start":{"line":10,"column":2},"end":{"line":10,"column":46}}},"fnMap":{"0":{"name":"createOpenAIClient","decl":{"start":{"line":8,"column":16},"end":{"line":8,"column":34}},"loc":{"start":{"line":8,"column":34},"end":{"line":11,"column":1}}}},"branchMap":{},"s":{"0":2,"1":2,"2":2,"3":2,"4":2},"f":{"0":2},"b":{}}
,"/Users/benjamin/Repositories/raycast-english-tutor-plugin/src/libs/openai-errors.ts": {"path":"/Users/benjamin/Repositories/raycast-english-tutor-plugin/src/libs/openai-errors.ts","statementMap":{"0":{"start":{"line":6,"column":0},"end":{"line":6,"column":16}},"1":{"start":{"line":1,"column":0},"end":{"line":1,"column":34}},"2":{"start":{"line":3,"column":13},"end":{"line":3,"column":85}},"3":{"start":{"line":4,"column":13},"end":{"line":4,"column":95}},"4":{"start":{"line":7,"column":2},"end":{"line":9,"column":3}},"5":{"start":{"line":8,"column":4},"end":{"line":8,"column":76}},"6":{"start":{"line":11,"column":2},"end":{"line":13,"column":3}},"7":{"start":{"line":12,"column":4},"end":{"line":12,"column":23}},"8":{"start":{"line":15,"column":2},"end":{"line":15,"column":39}}},"fnMap":{"0":{"name":"classifyOpenAIError","decl":{"start":{"line":6,"column":16},"end":{"line":6,"column":35}},"loc":{"start":{"line":6,"column":48},"end":{"line":16,"column":1}}}},"branchMap":{"0":{"loc":{"start":{"line":7,"column":2},"end":{"line":9,"column":3}},"type":"if","locations":[{"start":{"line":7,"column":2},"end":{"line":9,"column":3}},{"start":{},"end":{}}]},"1":{"loc":{"start":{"line":8,"column":11},"end":{"line":8,"column":75}},"type":"cond-expr","locations":[{"start":{"line":8,"column":32},"end":{"line":8,"column":61}},{"start":{"line":8,"column":64},"end":{"line":8,"column":75}}]},"2":{"loc":{"start":{"line":11,"column":2},"end":{"line":13,"column":3}},"type":"if","locations":[{"start":{"line":11,"column":2},"end":{"line":13,"column":3}},{"start":{},"end":{}}]}},"s":{"0":6,"1":6,"2":6,"3":6,"4":15,"5":5,"6":10,"7":6,"8":4},"f":{"0":15},"b":{"0":[5,10],"1":[4,1],"2":[6,4]}}
,"/Users/benjamin/Repositories/raycast-english-tutor-plugin/src/libs/speech-service.ts": {"path":"/Users/benjamin/Repositories/raycast-english-tutor-plugin/src/libs/speech-service.ts","statementMap":{"0":{"start":{"line":7,"column":0},"end":{"line":7,"column":7}},"1":{"start":{"line":3,"column":18},"end":{"line":3,"column":35}},"2":{"start":{"line":4,"column":18},"end":{"line":4,"column":25}},"3":{"start":{"line":5,"column":28},"end":{"line":5,"column":33}},"4":{"start":{"line":8,"column":19},"end":{"line":13,"column":4}},"5":{"start":{"line":14,"column":2},"end":{"line":14,"column":51}}},"fnMap":{"0":{"name":"generateSpeech","decl":{"start":{"line":7,"column":22},"end":{"line":7,"column":36}},"loc":{"start":{"line":7,"column":65},"end":{"line":15,"column":1}}}},"branchMap":{},"s":{"0":1,"1":1,"2":1,"3":1,"4":2,"5":2},"f":{"0":2},"b":{}}
,"/Users/benjamin/Repositories/raycast-english-tutor-plugin/src/libs/translation-service.ts": {"path":"/Users/benjamin/Repositories/raycast-english-tutor-plugin/src/libs/translation-service.ts","statementMap":{"0":{"start":{"line":10,"column":0},"end":{"line":10,"column":7}},"1":{"start":{"line":3,"column":26},"end":{"line":3,"column":40}},"2":{"start":{"line":5,"column":36},"end":{"line":8,"column":73}},"3":{"start":{"line":11,"column":21},"end":{"line":17,"column":4}},"4":{"start":{"line":18,"column":2},"end":{"line":18,"column":55}}},"fnMap":{"0":{"name":"translateText","decl":{"start":{"line":10,"column":22},"end":{"line":10,"column":35}},"loc":{"start":{"line":10,"column":64},"end":{"line":19,"column":1}}}},"branchMap":{"0":{"loc":{"start":{"line":18,"column":9},"end":{"line":18,"column":54}},"type":"binary-expr","locations":[{"start":{"line":18,"column":9},"end":{"line":18,"column":46}},{"start":{"line":18,"column":50},"end":{"line":18,"column":54}}]}},"s":{"0":1,"1":1,"2":1,"3":3,"4":3},"f":{"0":3},"b":{"0":[3,1]}}
,"/Users/benjamin/Repositories/raycast-english-tutor-plugin/src/libs/tutor-service.ts": {"path":"/Users/benjamin/Repositories/raycast-english-tutor-plugin/src/libs/tutor-service.ts","statementMap":{"0":{"start":{"line":65,"column":0},"end":{"line":65,"column":7}},"1":{"start":{"line":3,"column":20},"end":{"line":3,"column":34}},"2":{"start":{"line":4,"column":26},"end":{"line":4,"column":27}},"3":{"start":{"line":6,"column":28},"end":{"line":35,"column":3}},"4":{"start":{"line":49,"column":2},"end":{"line":55,"column":4}},"5":{"start":{"line":59,"column":2},"end":{"line":61,"column":3}},"6":{"start":{"line":60,"column":4},"end":{"line":60,"column":14}},"7":{"start":{"line":62,"column":2},"end":{"line":62,"column":49}},"8":{"start":{"line":66,"column":22},"end":{"line":66,"column":128}},"9":{"start":{"line":68,"column":21},"end":{"line":76,"column":4}},"10":{"start":{"line":78,"column":18},"end":{"line":78,"column":61}},"11":{"start":{"line":80,"column":2},"end":{"line":84,"column":3}},"12":{"start":{"line":81,"column":4},"end":{"line":81,"column":50}},"13":{"start":{"line":83,"column":4},"end":{"line":83,"column":53}},"14":{"start":{"line":86,"column":2},"end":{"line":89,"column":4}}},"fnMap":{"0":{"name":"isGrammarCorrection","decl":{"start":{"line":48,"column":9},"end":{"line":48,"column":28}},"loc":{"start":{"line":48,"column":43},"end":{"line":56,"column":1}}},"1":{"name":"parseCorrections","decl":{"start":{"line":58,"column":9},"end":{"line":58,"column":25}},"loc":{"start":{"line":58,"column":46},"end":{"line":63,"column":1}}},"2":{"name":"analyzeTutor","decl":{"start":{"line":65,"column":22},"end":{"line":65,"column":34}},"loc":{"start":{"line":65,"column":90},"end":{"line":90,"column":1}}}},"branchMap":{"0":{"loc":{"start":{"line":50,"column":4},"end":{"line":54,"column":64}},"type":"binary-expr","locations":[{"start":{"line":50,"column":4},"end":{"line":50,"column":29}},{"start":{"line":51,"column":4},"end":{"line":51,"column":18}},{"start":{"line":52,"column":4},"end":{"line":52,"column":61}},{"start":{"line":53,"column":4},"end":{"line":53,"column":62}},{"start":{"line":54,"column":4},"end":{"line":54,"column":64}}]},"1":{"loc":{"start":{"line":59,"column":2},"end":{"line":61,"column":3}},"type":"if","locations":[{"start":{"line":59,"column":2},"end":{"line":61,"column":3}},{"start":{},"end":{}}]},"2":{"loc":{"start":{"line":66,"column":47},"end":{"line":66,"column":92}},"type":"binary-expr","locations":[{"start":{"line":66,"column":47},"end":{"line":66,"column":66}},{"start":{"line":66,"column":70},"end":{"line":66,"column":92}}]},"3":{"loc":{"start":{"line":78,"column":18},"end":{"line":78,"column":61}},"type":"binary-expr","locations":[{"start":{"line":78,"column":18},"end":{"line":78,"column":55}},{"start":{"line":78,"column":59},"end":{"line":78,"column":61}}]},"4":{"loc":{"start":{"line":87,"column":20},"end":{"line":87,"column":47}},"type":"binary-expr","locations":[{"start":{"line":87,"column":20},"end":{"line":87,"column":41}},{"start":{"line":87,"column":45},"end":{"line":87,"column":47}}]}},"s":{"0":2,"1":2,"2":2,"3":2,"4":6,"5":4,"6":1,"7":3,"8":6,"9":6,"10":6,"11":6,"12":6,"13":2,"14":4},"f":{"0":6,"1":4,"2":6},"b":{"0":[6,4,3,3,2],"1":[1,3],"2":[6,0],"3":[6,1],"4":[4,1]}}
,"/Users/benjamin/Repositories/raycast-english-tutor-plugin/src/libs/writing-translate-service.ts": {"path":"/Users/benjamin/Repositories/raycast-english-tutor-plugin/src/libs/writing-translate-service.ts","statementMap":{"0":{"start":{"line":26,"column":0},"end":{"line":26,"column":7}},"1":{"start":{"line":4,"column":14},"end":{"line":4,"column":28}},"2":{"start":{"line":5,"column":20},"end":{"line":5,"column":21}},"3":{"start":{"line":7,"column":22},"end":{"line":24,"column":3}},"4":{"start":{"line":27,"column":21},"end":{"line":35,"column":4}},"5":{"start":{"line":37,"column":18},"end":{"line":37,"column":61}},"6":{"start":{"line":39,"column":2},"end":{"line":43,"column":3}},"7":{"start":{"line":40,"column":4},"end":{"line":40,"column":61}},"8":{"start":{"line":42,"column":4},"end":{"line":42,"column":53}},"9":{"start":{"line":45,"column":2},"end":{"line":50,"column":4}}},"fnMap":{"0":{"name":"writingAndTranslate","decl":{"start":{"line":26,"column":22},"end":{"line":26,"column":41}},"loc":{"start":{"line":26,"column":75},"end":{"line":51,"column":1}}}},"branchMap":{"0":{"loc":{"start":{"line":37,"column":18},"end":{"line":37,"column":61}},"type":"binary-expr","locations":[{"start":{"line":37,"column":18},"end":{"line":37,"column":55}},{"start":{"line":37,"column":59},"end":{"line":37,"column":61}}]},"1":{"loc":{"start":{"line":47,"column":25},"end":{"line":47,"column":57}},"type":"binary-expr","locations":[{"start":{"line":47,"column":25},"end":{"line":47,"column":51}},{"start":{"line":47,"column":55},"end":{"line":47,"column":57}}]},"2":{"loc":{"start":{"line":48,"column":22},"end":{"line":48,"column":51}},"type":"binary-expr","locations":[{"start":{"line":48,"column":22},"end":{"line":48,"column":45}},{"start":{"line":48,"column":49},"end":{"line":48,"column":51}}]},"3":{"loc":{"start":{"line":49,"column":17},"end":{"line":49,"column":76}},"type":"cond-expr","locations":[{"start":{"line":49,"column":53},"end":{"line":49,"column":71}},{"start":{"line":49,"column":74},"end":{"line":49,"column":76}}]}},"s":{"0":3,"1":3,"2":3,"3":3,"4":6,"5":6,"6":6,"7":6,"8":2,"9":4},"f":{"0":6},"b":{"0":[6,1],"1":[4,0],"2":[4,1],"3":[2,2]}}
}
