TN:
SF:src/writing-and-translate.tsx
FN:9,WritingTranslateForm
FN:13,handleNew
FN:14,(anonymous_2)
FN:17,handleSubmit
FN:44,Command
FNF:5
FNH:3
FNDA:4,WritingTranslateForm
FNDA:0,handleNew
FNDA:0,(anonymous_2)
FNDA:3,handleSubmit
FNDA:4,Command
DA:1,1
DA:2,1
DA:3,1
DA:10,4
DA:11,4
DA:14,0
DA:18,3
DA:19,2
DA:20,2
DA:23,1
DA:26,4
DA:44,1
DA:45,4
LF:13
LH:12
BRDA:18,0,0,2
BRDA:18,0,1,1
BRF:2
BRH:2
end_of_record
TN:
SF:src/components/WritingTranslateDetail.tsx
FN:10,WritingTranslateDetail
FN:39,(anonymous_1)
FN:44,(anonymous_2)
FNF:3
FNH:1
FNDA:4,WritingTranslateDetail
FNDA:0,(anonymous_1)
FNDA:0,(anonymous_2)
DA:1,1
DA:2,1
DA:3,1
DA:10,1
DA:11,4
DA:13,4
DA:14,2
DA:17,2
DA:18,1
DA:31,1
DA:39,0
DA:44,0
LF:12
LH:10
BRDA:13,0,0,2
BRDA:13,0,1,2
BRDA:17,1,0,1
BRDA:17,1,1,1
BRF:4
BRH:4
end_of_record
TN:
SF:src/hooks/useAsyncResource.ts
FN:17,useAsyncResource
FN:27,(anonymous_1)
FN:34,(anonymous_2)
FN:40,(anonymous_3)
FN:59,(anonymous_4)
FN:68,(anonymous_5)
FN:68,(anonymous_6)
FNF:7
FNH:7
FNDA:67,useAsyncResource
FNDA:33,(anonymous_1)
FNDA:14,(anonymous_2)
FNDA:15,(anonymous_3)
FNDA:33,(anonymous_4)
FNDA:4,(anonymous_5)
FNDA:4,(anonymous_6)
DA:1,5
DA:2,5
DA:3,5
DA:17,5
DA:22,67
DA:23,67
DA:24,67
DA:25,67
DA:27,67
DA:28,33
DA:29,33
DA:30,33
DA:31,33
DA:33,33
DA:35,14
DA:36,14
DA:37,14
DA:41,15
DA:42,0
DA:45,15
DA:51,15
DA:52,14
DA:55,15
DA:56,15
DA:59,33
DA:60,33
DA:64,67
DA:68,4
LF:28
LH:27
BRDA:19,0,0,12
BRDA:20,1,0,17
BRDA:35,2,0,14
BRDA:35,2,1,0
BRDA:41,3,0,0
BRDA:41,3,1,15
BRDA:45,4,0,12
BRDA:45,4,1,3
BRDA:47,5,0,2
BRDA:47,5,1,1
BRDA:51,6,0,14
BRDA:51,6,1,1
BRF:12
BRH:10
end_of_record
TN:
SF:src/hooks/useGuidedTranslation.ts
FN:14,useGuidedTranslation
FN:22,(anonymous_1)
FNF:2
FNH:2
FNDA:14,useGuidedTranslation
FNDA:7,(anonymous_1)
DA:1,1
DA:2,1
DA:3,1
DA:5,1
DA:14,1
DA:19,14
DA:21,14
DA:22,7
DA:27,14
LF:9
LH:9
BRF:0
BRH:0
end_of_record
TN:
SF:src/hooks/useTutor.ts
FN:13,useTutor
FN:15,(anonymous_1)
FNF:2
FNH:2
FNDA:14,useTutor
FNDA:7,(anonymous_1)
DA:1,1
DA:2,1
DA:3,1
DA:4,1
DA:13,1
DA:14,14
DA:15,7
DA:20,14
LF:8
LH:8
BRF:0
BRH:0
end_of_record
TN:
SF:src/hooks/useWritingTranslate.ts
FN:14,useWritingTranslate
FN:16,(anonymous_1)
FNF:2
FNH:2
FNDA:16,useWritingTranslate
FNDA:8,(anonymous_1)
DA:1,2
DA:2,2
DA:3,2
DA:5,2
DA:14,2
DA:15,16
DA:16,8
DA:21,16
LF:8
LH:8
BRF:0
BRH:0
end_of_record
TN:
SF:src/libs/audio.ts
FN:3,playAudio
FN:4,(anonymous_10)
FN:6,(anonymous_11)
FN:13,(anonymous_12)
FNF:4
FNH:4
FNDA:3,playAudio
FNDA:3,(anonymous_10)
FNDA:2,(anonymous_11)
FNDA:1,(anonymous_12)
DA:1,1
DA:3,1
DA:4,3
DA:5,3
DA:6,3
DA:7,2
DA:8,1
DA:10,1
DA:13,3
DA:14,1
LF:10
LH:10
BRDA:7,0,0,1
BRDA:7,0,1,1
BRF:2
BRH:2
end_of_record
TN:
SF:src/libs/guided-translation-service.ts
FN:38,buildSystemPrompt
FN:50,translate
FNF:2
FNH:2
FNDA:7,buildSystemPrompt
FNDA:7,translate
DA:4,2
DA:5,2
DA:7,2
DA:13,2
DA:15,2
DA:17,2
DA:39,7
DA:41,7
DA:42,5
DA:44,7
DA:45,5
DA:47,7
DA:50,2
DA:55,7
DA:72,7
DA:73,7
DA:74,1
DA:77,6
LF:18
LH:18
BRDA:41,0,0,5
BRDA:41,0,1,2
BRDA:44,1,0,5
BRDA:44,1,1,2
BRDA:73,2,0,1
BRDA:73,2,1,6
BRF:6
BRH:6
end_of_record
TN:
SF:src/libs/markdown.ts
FN:5,formatCorrection
FN:12,formatCorrections
FN:14,(anonymous_2)
FN:18,buildTutorMarkdown
FN:26,buildGuidedTranslationMarkdown
FN:40,buildWritingTranslateMarkdown
FN:44,(anonymous_6)
FNF:7
FNH:5
FNDA:8,formatCorrection
FNDA:5,formatCorrections
FNDA:8,(anonymous_2)
FNDA:5,buildTutorMarkdown
FNDA:5,buildGuidedTranslationMarkdown
FNDA:0,buildWritingTranslateMarkdown
FNDA:0,(anonymous_6)
DA:6,8
DA:7,8
DA:8,8
DA:9,8
DA:13,5
DA:14,8
DA:18,1
DA:19,5
DA:26,1
DA:27,5
DA:29,5
DA:30,4
DA:32,5
DA:33,4
DA:36,5
DA:37,5
DA:40,1
DA:42,0
DA:44,0
DA:48,0
LF:20
LH:17
BRDA:6,0,0,8
BRDA:6,0,1,0
BRDA:7,1,0,8
BRDA:7,1,1,0
BRDA:8,2,0,8
BRDA:8,2,1,0
BRDA:13,3,0,4
BRDA:13,3,1,1
BRDA:29,4,0,4
BRDA:29,4,1,1
BRDA:32,5,0,4
BRDA:32,5,1,1
BRDA:42,6,0,0
BRDA:42,6,1,0
BRF:14
BRH:9
end_of_record
TN:
SF:src/libs/openai-client.ts
FN:8,createOpenAIClient
FNF:1
FNH:1
FNDA:2,createOpenAIClient
DA:1,2
DA:2,2
DA:8,2
DA:9,2
DA:10,2
LF:5
LH:5
BRF:0
BRH:0
end_of_record
TN:
SF:src/libs/openai-errors.ts
FN:6,classifyOpenAIError
FNF:1
FNH:1
FNDA:15,classifyOpenAIError
DA:1,6
DA:3,6
DA:4,6
DA:6,6
DA:7,15
DA:8,5
DA:11,10
DA:12,6
DA:15,4
LF:9
LH:9
BRDA:7,0,0,5
BRDA:7,0,1,10
BRDA:8,1,0,4
BRDA:8,1,1,1
BRDA:11,2,0,6
BRDA:11,2,1,4
BRF:6
BRH:6
end_of_record
TN:
SF:src/libs/speech-service.ts
FN:7,generateSpeech
FNF:1
FNH:1
FNDA:2,generateSpeech
DA:3,1
DA:4,1
DA:5,1
DA:7,1
DA:8,2
DA:14,2
LF:6
LH:6
BRF:0
BRH:0
end_of_record
TN:
SF:src/libs/translation-service.ts
FN:10,translateText
FNF:1
FNH:1
FNDA:3,translateText
DA:3,1
DA:5,1
DA:10,1
DA:11,3
DA:18,3
LF:5
LH:5
BRDA:18,0,0,3
BRDA:18,0,1,1
BRF:2
BRH:2
end_of_record
TN:
SF:src/libs/tutor-service.ts
FN:48,isGrammarCorrection
FN:58,parseCorrections
FN:65,analyzeTutor
FNF:3
FNH:3
FNDA:6,isGrammarCorrection
FNDA:4,parseCorrections
FNDA:6,analyzeTutor
DA:3,2
DA:4,2
DA:6,2
DA:49,6
DA:59,4
DA:60,1
DA:62,3
DA:65,2
DA:66,6
DA:68,6
DA:78,6
DA:80,6
DA:81,6
DA:83,2
DA:86,4
LF:15
LH:15
BRDA:50,0,0,6
BRDA:50,0,1,4
BRDA:50,0,2,3
BRDA:50,0,3,3
BRDA:50,0,4,2
BRDA:59,1,0,1
BRDA:59,1,1,3
BRDA:66,2,0,6
BRDA:66,2,1,0
BRDA:78,3,0,6
BRDA:78,3,1,1
BRDA:87,4,0,4
BRDA:87,4,1,1
BRF:13
BRH:12
end_of_record
TN:
SF:src/libs/writing-translate-service.ts
FN:26,writingAndTranslate
FNF:1
FNH:1
FNDA:6,writingAndTranslate
DA:4,3
DA:5,3
DA:7,3
DA:26,3
DA:27,6
DA:37,6
DA:39,6
DA:40,6
DA:42,2
DA:45,4
LF:10
LH:10
BRDA:37,0,0,6
BRDA:37,0,1,1
BRDA:47,1,0,4
BRDA:47,1,1,0
BRDA:48,2,0,4
BRDA:48,2,1,1
BRDA:49,3,0,2
BRDA:49,3,1,2
BRF:8
BRH:7
end_of_record
